<?xml version="1.0" encoding="UTF-8"?>
<!-- Generated by org.testng.reporters.JUnitReportReporter -->
<testsuite skipped="0" hostname="ELF-28-NAVEEN" name="Tasks_ModulePage.TC_001Test" tests="1" failures="0" timestamp="2022-03-02T19:02:35 IST" time="16.631" errors="0">
  <testcase name="ToAddnewtask" time="16.631" classname="Tasks_ModulePage.TC_001Test"/>
  <system-out/>
</testsuite> <!-- Tasks_ModulePage.TC_001Test -->
