<?xml version="1.0" encoding="UTF-8"?>
<!-- Generated by org.testng.reporters.JUnitReportReporter -->
<testsuite skipped="0" hostname="ELF-28-NAVEEN" name="Tasks_ModulePage.TC_002Test" tests="1" failures="0" timestamp="2022-03-02T18:39:03 IST" time="21.008" errors="0">
  <testcase name="Thirdone" time="21.008" classname="Tasks_ModulePage.TC_002Test"/>
  <system-out/>
</testsuite> <!-- Tasks_ModulePage.TC_002Test -->
